<?xml version="1.0" encoding="UTF-8"?>
<!-- Generated by org.testng.reporters.JUnitReportReporter -->
<testsuite skipped="0" hostname="PCS-PC" name="tpkg.B1" tests="3" failures="0" timestamp="28 Jul 2019 06:43:05 GMT" time="0.006" errors="0">
  <testcase name="B5" time="0.002" classname="tpkg.B1"/>
  <testcase name="B2" time="0.002" classname="tpkg.B1"/>
  <testcase name="B11" time="0.002" classname="tpkg.B1"/>
</testsuite> <!-- tpkg.B1 -->
