<?xml version="1.0" encoding="UTF-8"?>
<!-- Generated by org.testng.reporters.JUnitReportReporter -->
<testsuite skipped="0" hostname="PCS-PC" name="tpkg.A" tests="2" failures="0" timestamp="27 Jul 2019 06:38:00 GMT" time="0.000" errors="0">
  <testcase name="m5" time="0.000" classname="tpkg.A"/>
  <testcase name="m6" time="0.000" classname="tpkg.A"/>
</testsuite> <!-- tpkg.A -->
