<?xml version="1.0" encoding="UTF-8"?>
<!-- Generated by org.testng.reporters.JUnitReportReporter -->
<testsuite skipped="0" hostname="PCS-PC" name="tpkg.A1" tests="3" failures="0" timestamp="28 Jul 2019 06:43:05 GMT" time="0.023" errors="0">
  <testcase name="m1" time="0.017" classname="tpkg.A1"/>
  <testcase name="m3" time="0.003" classname="tpkg.A1"/>
  <testcase name="m2" time="0.003" classname="tpkg.A1"/>
</testsuite> <!-- tpkg.A1 -->
